{"/Users/maclaptop/Desktop/Vscode/B7-assignment-1-TDD-algorithm/chooseWord.js": {"path":"/Users/maclaptop/Desktop/Vscode/B7-assignment-1-TDD-algorithm/chooseWord.js","statementMap":{"0":{"start":{"line":2,"column":2},"end":{"line":2,"column":56}},"1":{"start":{"line":2,"column":32},"end":{"line":2,"column":54}},"2":{"start":{"line":6,"column":2},"end":{"line":10,"column":3}},"3":{"start":{"line":7,"column":4},"end":{"line":7,"column":58}},"4":{"start":{"line":7,"column":34},"end":{"line":7,"column":56}},"5":{"start":{"line":9,"column":4},"end":{"line":9,"column":59}},"6":{"start":{"line":9,"column":34},"end":{"line":9,"column":57}},"7":{"start":{"line":14,"column":18},"end":{"line":14,"column":20}},"8":{"start":{"line":16,"column":2},"end":{"line":21,"column":3}},"9":{"start":{"line":17,"column":4},"end":{"line":19,"column":5}},"10":{"start":{"line":18,"column":6},"end":{"line":18,"column":19}},"11":{"start":{"line":20,"column":4},"end":{"line":20,"column":27}},"12":{"start":{"line":23,"column":2},"end":{"line":23,"column":14}},"13":{"start":{"line":27,"column":22},"end":{"line":27,"column":62}},"14":{"start":{"line":28,"column":2},"end":{"line":30,"column":35}},"15":{"start":{"line":29,"column":4},"end":{"line":29,"column":30}},"16":{"start":{"line":30,"column":9},"end":{"line":30,"column":35}},"17":{"start":{"line":34,"column":32},"end":{"line":34,"column":74}},"18":{"start":{"line":36,"column":32},"end":{"line":36,"column":93}},"19":{"start":{"line":38,"column":21},"end":{"line":38,"column":58}},"20":{"start":{"line":40,"column":2},"end":{"line":42,"column":3}},"21":{"start":{"line":41,"column":4},"end":{"line":41,"column":42}},"22":{"start":{"line":44,"column":2},"end":{"line":44,"column":20}}},"fnMap":{"0":{"name":"filterWordsByLength","decl":{"start":{"line":1,"column":9},"end":{"line":1,"column":28}},"loc":{"start":{"line":1,"column":44},"end":{"line":3,"column":1}},"line":1},"1":{"name":"(anonymous_1)","decl":{"start":{"line":2,"column":22},"end":{"line":2,"column":23}},"loc":{"start":{"line":2,"column":32},"end":{"line":2,"column":54}},"line":2},"2":{"name":"filterUniqueLetterWords","decl":{"start":{"line":5,"column":9},"end":{"line":5,"column":32}},"loc":{"start":{"line":5,"column":53},"end":{"line":11,"column":1}},"line":5},"3":{"name":"(anonymous_3)","decl":{"start":{"line":7,"column":24},"end":{"line":7,"column":25}},"loc":{"start":{"line":7,"column":34},"end":{"line":7,"column":56}},"line":7},"4":{"name":"(anonymous_4)","decl":{"start":{"line":9,"column":24},"end":{"line":9,"column":25}},"loc":{"start":{"line":9,"column":34},"end":{"line":9,"column":57}},"line":9},"5":{"name":"hasUniqueLetters","decl":{"start":{"line":13,"column":9},"end":{"line":13,"column":25}},"loc":{"start":{"line":13,"column":32},"end":{"line":24,"column":1}},"line":13},"6":{"name":"wordRandomizer","decl":{"start":{"line":26,"column":9},"end":{"line":26,"column":23}},"loc":{"start":{"line":26,"column":31},"end":{"line":31,"column":1}},"line":26},"7":{"name":"chooseWord","decl":{"start":{"line":33,"column":24},"end":{"line":33,"column":34}},"loc":{"start":{"line":33,"column":73},"end":{"line":45,"column":1}},"line":33}},"branchMap":{"0":{"loc":{"start":{"line":6,"column":2},"end":{"line":10,"column":3}},"type":"if","locations":[{"start":{"line":6,"column":2},"end":{"line":10,"column":3}},{"start":{"line":8,"column":9},"end":{"line":10,"column":3}}],"line":6},"1":{"loc":{"start":{"line":17,"column":4},"end":{"line":19,"column":5}},"type":"if","locations":[{"start":{"line":17,"column":4},"end":{"line":19,"column":5}},{"start":{},"end":{}}],"line":17},"2":{"loc":{"start":{"line":28,"column":2},"end":{"line":30,"column":35}},"type":"if","locations":[{"start":{"line":28,"column":2},"end":{"line":30,"column":35}},{"start":{"line":30,"column":9},"end":{"line":30,"column":35}}],"line":28},"3":{"loc":{"start":{"line":40,"column":2},"end":{"line":42,"column":3}},"type":"if","locations":[{"start":{"line":40,"column":2},"end":{"line":42,"column":3}},{"start":{},"end":{}}],"line":40}},"s":{"0":5,"1":10,"2":5,"3":2,"4":3,"5":3,"6":3,"7":6,"8":6,"9":21,"10":3,"11":18,"12":3,"13":5,"14":5,"15":5,"16":0,"17":5,"18":5,"19":5,"20":5,"21":3,"22":2},"f":{"0":5,"1":10,"2":5,"3":3,"4":3,"5":6,"6":5,"7":5},"b":{"0":[2,3],"1":[3,18],"2":[5,0],"3":[3,2]},"_coverageSchema":"1a1c01bbd47fc00a2c39e90264f33305004495a9","hash":"97fdcf5adf20faa6da5d29aa384c5e0069e54e43"}
,"/Users/maclaptop/Desktop/Vscode/B7-assignment-1-TDD-algorithm/compareWords.js": {"path":"/Users/maclaptop/Desktop/Vscode/B7-assignment-1-TDD-algorithm/compareWords.js","statementMap":{"0":{"start":{"line":2,"column":2},"end":{"line":2,"column":23}},"1":{"start":{"line":6,"column":2},"end":{"line":6,"column":71}},"2":{"start":{"line":10,"column":20},"end":{"line":10,"column":45}},"3":{"start":{"line":11,"column":27},"end":{"line":11,"column":58}},"4":{"start":{"line":12,"column":17},"end":{"line":12,"column":19}},"5":{"start":{"line":14,"column":2},"end":{"line":17,"column":5}},"6":{"start":{"line":15,"column":24},"end":{"line":15,"column":110}},"7":{"start":{"line":16,"column":4},"end":{"line":16,"column":49}},"8":{"start":{"line":19,"column":2},"end":{"line":19,"column":16}}},"fnMap":{"0":{"name":"splitStringToArray","decl":{"start":{"line":1,"column":9},"end":{"line":1,"column":27}},"loc":{"start":{"line":1,"column":33},"end":{"line":3,"column":1}},"line":1},"1":{"name":"checkLetter","decl":{"start":{"line":5,"column":9},"end":{"line":5,"column":20}},"loc":{"start":{"line":5,"column":47},"end":{"line":7,"column":1}},"line":5},"2":{"name":"compareWords","decl":{"start":{"line":9,"column":24},"end":{"line":9,"column":36}},"loc":{"start":{"line":9,"column":57},"end":{"line":20,"column":1}},"line":9},"3":{"name":"(anonymous_3)","decl":{"start":{"line":14,"column":20},"end":{"line":14,"column":21}},"loc":{"start":{"line":14,"column":39},"end":{"line":17,"column":3}},"line":14}},"branchMap":{"0":{"loc":{"start":{"line":6,"column":9},"end":{"line":6,"column":70}},"type":"cond-expr","locations":[{"start":{"line":6,"column":45},"end":{"line":6,"column":56}},{"start":{"line":6,"column":59},"end":{"line":6,"column":70}}],"line":6},"1":{"loc":{"start":{"line":15,"column":24},"end":{"line":15,"column":110}},"type":"cond-expr","locations":[{"start":{"line":15,"column":61},"end":{"line":15,"column":70}},{"start":{"line":15,"column":73},"end":{"line":15,"column":110}}],"line":15}},"s":{"0":8,"1":6,"2":4,"3":4,"4":4,"5":4,"6":9,"7":9,"8":4},"f":{"0":8,"1":6,"2":4,"3":9},"b":{"0":[3,3],"1":[3,6]},"_coverageSchema":"1a1c01bbd47fc00a2c39e90264f33305004495a9","hash":"617cbc45d0d22d87e01f68218c0365940a3f5b5e"}
}
