{"/Users/maclaptop/Desktop/Vscode/B7-assignment-1-TDD-algorithm/chooseWord.js": {"path":"/Users/maclaptop/Desktop/Vscode/B7-assignment-1-TDD-algorithm/chooseWord.js","statementMap":{"0":{"start":{"line":2,"column":2},"end":{"line":2,"column":56}},"1":{"start":{"line":2,"column":32},"end":{"line":2,"column":54}},"2":{"start":{"line":6,"column":2},"end":{"line":10,"column":3}},"3":{"start":{"line":7,"column":4},"end":{"line":7,"column":42}},"4":{"start":{"line":9,"column":4},"end":{"line":9,"column":17}},"5":{"start":{"line":14,"column":15},"end":{"line":14,"column":17}},"6":{"start":{"line":16,"column":2},"end":{"line":19,"column":3}},"7":{"start":{"line":17,"column":4},"end":{"line":17,"column":35}},"8":{"start":{"line":17,"column":22},"end":{"line":17,"column":35}},"9":{"start":{"line":18,"column":4},"end":{"line":18,"column":24}},"10":{"start":{"line":21,"column":2},"end":{"line":21,"column":14}},"11":{"start":{"line":25,"column":22},"end":{"line":25,"column":62}},"12":{"start":{"line":27,"column":2},"end":{"line":27,"column":28}},"13":{"start":{"line":31,"column":27},"end":{"line":31,"column":69}},"14":{"start":{"line":33,"column":34},"end":{"line":33,"column":93}},"15":{"start":{"line":35,"column":21},"end":{"line":35,"column":60}},"16":{"start":{"line":37,"column":2},"end":{"line":37,"column":54}}},"fnMap":{"0":{"name":"filterWordsByLength","decl":{"start":{"line":1,"column":9},"end":{"line":1,"column":28}},"loc":{"start":{"line":1,"column":44},"end":{"line":3,"column":1}},"line":1},"1":{"name":"(anonymous_1)","decl":{"start":{"line":2,"column":22},"end":{"line":2,"column":23}},"loc":{"start":{"line":2,"column":32},"end":{"line":2,"column":54}},"line":2},"2":{"name":"filterWordsByUniqueLetters","decl":{"start":{"line":5,"column":9},"end":{"line":5,"column":35}},"loc":{"start":{"line":5,"column":58},"end":{"line":11,"column":1}},"line":5},"3":{"name":"hasUniqueLetters","decl":{"start":{"line":13,"column":9},"end":{"line":13,"column":25}},"loc":{"start":{"line":13,"column":32},"end":{"line":22,"column":1}},"line":13},"4":{"name":"wordRandomizer","decl":{"start":{"line":24,"column":9},"end":{"line":24,"column":23}},"loc":{"start":{"line":24,"column":31},"end":{"line":28,"column":1}},"line":24},"5":{"name":"chooseWord","decl":{"start":{"line":30,"column":24},"end":{"line":30,"column":34}},"loc":{"start":{"line":30,"column":73},"end":{"line":38,"column":1}},"line":30}},"branchMap":{"0":{"loc":{"start":{"line":6,"column":2},"end":{"line":10,"column":3}},"type":"if","locations":[{"start":{"line":6,"column":2},"end":{"line":10,"column":3}},{"start":{"line":8,"column":9},"end":{"line":10,"column":3}}],"line":6},"1":{"loc":{"start":{"line":17,"column":4},"end":{"line":17,"column":35}},"type":"if","locations":[{"start":{"line":17,"column":4},"end":{"line":17,"column":35}},{"start":{},"end":{}}],"line":17},"2":{"loc":{"start":{"line":37,"column":9},"end":{"line":37,"column":53}},"type":"binary-expr","locations":[{"start":{"line":37,"column":9},"end":{"line":37,"column":19}},{"start":{"line":37,"column":23},"end":{"line":37,"column":53}}],"line":37}},"s":{"0":5,"1":11,"2":5,"3":2,"4":3,"5":5,"6":5,"7":22,"8":4,"9":18,"10":1,"11":5,"12":5,"13":5,"14":5,"15":5,"16":5},"f":{"0":5,"1":11,"2":5,"3":5,"4":5,"5":5},"b":{"0":[2,3],"1":[4,18],"2":[5,2]},"_coverageSchema":"1a1c01bbd47fc00a2c39e90264f33305004495a9","hash":"9e00988217d2890798bc0ed3de502544ade9b7a9"}
,"/Users/maclaptop/Desktop/Vscode/B7-assignment-1-TDD-algorithm/compareWords.js": {"path":"/Users/maclaptop/Desktop/Vscode/B7-assignment-1-TDD-algorithm/compareWords.js","statementMap":{"0":{"start":{"line":2,"column":2},"end":{"line":2,"column":23}},"1":{"start":{"line":6,"column":2},"end":{"line":6,"column":71}},"2":{"start":{"line":10,"column":20},"end":{"line":10,"column":45}},"3":{"start":{"line":11,"column":27},"end":{"line":11,"column":58}},"4":{"start":{"line":12,"column":17},"end":{"line":12,"column":19}},"5":{"start":{"line":14,"column":2},"end":{"line":17,"column":5}},"6":{"start":{"line":15,"column":24},"end":{"line":15,"column":110}},"7":{"start":{"line":16,"column":4},"end":{"line":16,"column":49}},"8":{"start":{"line":19,"column":2},"end":{"line":19,"column":16}}},"fnMap":{"0":{"name":"splitStringToArray","decl":{"start":{"line":1,"column":9},"end":{"line":1,"column":27}},"loc":{"start":{"line":1,"column":33},"end":{"line":3,"column":1}},"line":1},"1":{"name":"checkLetter","decl":{"start":{"line":5,"column":9},"end":{"line":5,"column":20}},"loc":{"start":{"line":5,"column":47},"end":{"line":7,"column":1}},"line":5},"2":{"name":"compareWords","decl":{"start":{"line":9,"column":24},"end":{"line":9,"column":36}},"loc":{"start":{"line":9,"column":57},"end":{"line":20,"column":1}},"line":9},"3":{"name":"(anonymous_3)","decl":{"start":{"line":14,"column":20},"end":{"line":14,"column":21}},"loc":{"start":{"line":14,"column":39},"end":{"line":17,"column":3}},"line":14}},"branchMap":{"0":{"loc":{"start":{"line":6,"column":9},"end":{"line":6,"column":70}},"type":"cond-expr","locations":[{"start":{"line":6,"column":45},"end":{"line":6,"column":56}},{"start":{"line":6,"column":59},"end":{"line":6,"column":70}}],"line":6},"1":{"loc":{"start":{"line":15,"column":24},"end":{"line":15,"column":110}},"type":"cond-expr","locations":[{"start":{"line":15,"column":61},"end":{"line":15,"column":70}},{"start":{"line":15,"column":73},"end":{"line":15,"column":110}}],"line":15}},"s":{"0":8,"1":6,"2":4,"3":4,"4":4,"5":4,"6":9,"7":9,"8":4},"f":{"0":8,"1":6,"2":4,"3":9},"b":{"0":[3,3],"1":[3,6]},"_coverageSchema":"1a1c01bbd47fc00a2c39e90264f33305004495a9","hash":"617cbc45d0d22d87e01f68218c0365940a3f5b5e"}
}
