TN:
SF:chooseWord.js
FN:1,filterWordsByLength
FN:2,(anonymous_1)
FN:5,filterUniqueLetterWords
FN:7,(anonymous_3)
FN:9,(anonymous_4)
FN:13,hasUniqueLetters
FN:26,wordRandomizer
FN:33,chooseWord
FNF:8
FNH:8
FNDA:5,filterWordsByLength
FNDA:10,(anonymous_1)
FNDA:5,filterUniqueLetterWords
FNDA:3,(anonymous_3)
FNDA:3,(anonymous_4)
FNDA:6,hasUniqueLetters
FNDA:5,wordRandomizer
FNDA:5,chooseWord
DA:2,10
DA:6,5
DA:7,3
DA:9,3
DA:14,6
DA:16,6
DA:17,21
DA:18,3
DA:20,18
DA:23,3
DA:27,5
DA:28,5
DA:29,5
DA:30,0
DA:34,5
DA:36,5
DA:38,5
DA:40,5
DA:41,3
DA:44,2
LF:20
LH:19
BRDA:6,0,0,2
BRDA:6,0,1,3
BRDA:17,1,0,3
BRDA:17,1,1,18
BRDA:28,2,0,5
BRDA:28,2,1,0
BRDA:40,3,0,3
BRDA:40,3,1,2
BRF:8
BRH:7
end_of_record
TN:
SF:compareWords.js
FN:1,splitStringToArray
FN:5,checkLetter
FN:9,compareWords
FN:14,(anonymous_3)
FNF:4
FNH:4
FNDA:8,splitStringToArray
FNDA:6,checkLetter
FNDA:4,compareWords
FNDA:9,(anonymous_3)
DA:2,8
DA:6,6
DA:10,4
DA:11,4
DA:12,4
DA:14,4
DA:15,9
DA:16,9
DA:19,4
LF:9
LH:9
BRDA:6,0,0,3
BRDA:6,0,1,3
BRDA:15,1,0,3
BRDA:15,1,1,6
BRF:4
BRH:4
end_of_record
