TN:
SF:chooseWord.js
FN:1,filterWordsByLength
FN:2,(anonymous_1)
FN:5,filterWordsByUniqueLetters
FN:13,hasUniqueLetters
FN:24,wordRandomizer
FN:30,chooseWord
FNF:6
FNH:6
FNDA:5,filterWordsByLength
FNDA:11,(anonymous_1)
FNDA:5,filterWordsByUniqueLetters
FNDA:5,hasUniqueLetters
FNDA:5,wordRandomizer
FNDA:5,chooseWord
DA:2,11
DA:6,5
DA:7,2
DA:9,3
DA:14,5
DA:16,5
DA:17,22
DA:18,18
DA:21,1
DA:25,5
DA:27,5
DA:31,5
DA:33,5
DA:35,5
DA:37,5
LF:15
LH:15
BRDA:6,0,0,2
BRDA:6,0,1,3
BRDA:17,1,0,4
BRDA:17,1,1,18
BRDA:37,2,0,5
BRDA:37,2,1,2
BRF:6
BRH:6
end_of_record
TN:
SF:compareWords.js
FN:1,splitStringToArray
FN:5,checkLetter
FN:15,compareWords
FN:21,(anonymous_3)
FNF:4
FNH:4
FNDA:10,splitStringToArray
FNDA:10,checkLetter
FNDA:5,compareWords
FNDA:14,(anonymous_3)
DA:2,10
DA:6,10
DA:7,10
DA:8,5
DA:10,5
DA:12,5
DA:16,5
DA:17,5
DA:18,5
DA:19,5
DA:21,5
DA:22,14
DA:23,14
DA:24,14
DA:27,5
LF:15
LH:15
BRDA:7,0,0,5
BRDA:7,0,1,5
BRDA:7,1,0,10
BRDA:7,1,1,5
BRDA:23,2,0,4
BRDA:23,2,1,10
BRF:6
BRH:6
end_of_record
